<?xml version="1.0" encoding="UTF-8"?>
<testsuite xmlns:xsi="http://www.w3.org/2001/XMLSchema-instance" xsi:noNamespaceSchemaLocation="https://maven.apache.org/surefire/maven-surefire-plugin/xsd/surefire-test-report.xsd" name="nlp.floschne.thumbnailAnnotator.core.thumbnailCrawler.source.ShutterstockSourceTest" time="2.664" tests="2" errors="0" skipped="0" failures="0">
  <properties>
[...]
</properties>
  <testcase name="basicQueryTest" classname="nlp.floschne.thumbnailAnnotator.core.thumbnailCrawler.source.ShutterstockSourceTest" time="2.664"/>
  <testcase name="multiWordQueryTest" classname="nlp.floschne.thumbnailAnnotator.core.thumbnailCrawler.source.ShutterstockSourceTest" time="1.125"/>
</testsuite>