<?xml version="1.0" encoding="UTF-8"?>
<testsuite xmlns:xsi="http://www.w3.org/2001/XMLSchema-instance" xsi:noNamespaceSchemaLocation="https://maven.apache.org/surefire/maven-surefire-plugin/xsd/surefire-test-report.xsd" name="nlp.floschne.thumbnailAnnotator.db.repository.DepictionRepositoryTests" time="1.064" tests="4" errors="0" skipped="1" failures="0">
  <properties>
[...]
</properties>
  <testcase name="whenSavingDepictions_thenAllShouldAvailableOnRetrieval" classname="nlp.floschne.thumbnailAnnotator.db.repository.DepictionRepositoryTests" time="0">
    <skipped/>
    <system-out><![CDATA[17:40:58.296 [main] DEBUG org.springframework.test.context.junit4.SpringJUnit4ClassRunner - SpringJUnit4ClassRunner constructor called with [class nlp.floschne.thumbnailAnnotator.db.repository.DepictionRepositoryTests]
17:40:58.303 [main] DEBUG org.springframework.test.context.BootstrapUtils - Instantiating CacheAwareContextLoaderDelegate from class [org.springframework.test.context.cache.DefaultCacheAwareContextLoaderDelegate]
17:40:58.308 [main] DEBUG org.springframework.test.context.BootstrapUtils - Instantiating BootstrapContext using constructor [public org.springframework.test.context.support.DefaultBootstrapContext(java.lang.Class,org.springframework.test.context.CacheAwareContextLoaderDelegate)]
17:40:58.325 [main] DEBUG org.springframework.test.context.BootstrapUtils - Instantiating TestContextBootstrapper for test class [nlp.floschne.thumbnailAnnotator.db.repository.DepictionRepositoryTests] from class [org.springframework.boot.test.context.SpringBootTestContextBootstrapper]
17:40:58.336 [main] INFO org.springframework.boot.test.context.SpringBootTestContextBootstrapper - Neither @ContextConfiguration nor @ContextHierarchy found for test class [nlp.floschne.thumbnailAnnotator.db.repository.DepictionRepositoryTests], using SpringBootContextLoader
17:40:58.339 [main] DEBUG org.springframework.test.context.support.AbstractContextLoader - Did not detect default resource location for test class [nlp.floschne.thumbnailAnnotator.db.repository.DepictionRepositoryTests]: class path resource [nlp/floschne/thumbnailAnnotator/db/repository/DepictionRepositoryTests-context.xml] does not exist
17:40:58.340 [main] DEBUG org.springframework.test.context.support.AbstractContextLoader - Did not detect default resource location for test class [nlp.floschne.thumbnailAnnotator.db.repository.DepictionRepositoryTests]: class path resource [nlp/floschne/thumbnailAnnotator/db/repository/DepictionRepositoryTestsContext.groovy] does not exist
17:40:58.340 [main] INFO org.springframework.test.context.support.AbstractContextLoader - Could not detect default resource locations for test class [nlp.floschne.thumbnailAnnotator.db.repository.DepictionRepositoryTests]: no resource found for suffixes {-context.xml, Context.groovy}.
17:40:58.371 [main] DEBUG org.springframework.test.context.support.ActiveProfilesUtils - Could not find an 'annotation declaring class' for annotation type [org.springframework.test.context.ActiveProfiles] and class [nlp.floschne.thumbnailAnnotator.db.repository.DepictionRepositoryTests]
17:40:58.501 [main] DEBUG org.springframework.boot.test.context.SpringBootTestContextBootstrapper - @TestExecutionListeners is not present for class [nlp.floschne.thumbnailAnnotator.db.repository.DepictionRepositoryTests]: using defaults.
17:40:58.501 [main] INFO org.springframework.boot.test.context.SpringBootTestContextBootstrapper - Loaded default TestExecutionListener class names from location [META-INF/spring.factories]: [org.springframework.boot.test.mock.mockito.MockitoTestExecutionListener, org.springframework.boot.test.mock.mockito.ResetMocksTestExecutionListener, org.springframework.test.context.web.ServletTestExecutionListener, org.springframework.test.context.support.DirtiesContextBeforeModesTestExecutionListener, org.springframework.test.context.support.DependencyInjectionTestExecutionListener, org.springframework.test.context.support.DirtiesContextTestExecutionListener, org.springframework.test.context.transaction.TransactionalTestExecutionListener, org.springframework.test.context.jdbc.SqlScriptsTestExecutionListener]
17:40:58.505 [main] DEBUG org.springframework.boot.test.context.SpringBootTestContextBootstrapper - Skipping candidate TestExecutionListener [org.springframework.test.context.web.ServletTestExecutionListener] due to a missing dependency. Specify custom listener classes or make the default listener classes and their required dependencies available. Offending class: [javax/servlet/ServletContext]
17:40:58.579 [main] INFO org.springframework.boot.test.context.SpringBootTestContextBootstrapper - Using TestExecutionListeners: [org.springframework.test.context.support.DirtiesContextBeforeModesTestExecutionListener@175b9425, org.springframework.boot.test.mock.mockito.MockitoTestExecutionListener@3098cf3b, org.springframework.test.context.support.DependencyInjectionTestExecutionListener@610f7aa, org.springframework.test.context.support.DirtiesContextTestExecutionListener@6a03bcb1, org.springframework.test.context.transaction.TransactionalTestExecutionListener@21b2e768, org.springframework.test.context.jdbc.SqlScriptsTestExecutionListener@57250572, org.springframework.boot.test.mock.mockito.ResetMocksTestExecutionListener@5609159b]
17:40:58.581 [main] DEBUG org.springframework.test.annotation.ProfileValueUtils - Retrieved @ProfileValueSourceConfiguration [null] for test class [nlp.floschne.thumbnailAnnotator.db.repository.DepictionRepositoryTests]
17:40:58.581 [main] DEBUG org.springframework.test.annotation.ProfileValueUtils - Retrieved ProfileValueSource type [class org.springframework.test.annotation.SystemProfileValueSource] for class [nlp.floschne.thumbnailAnnotator.db.repository.DepictionRepositoryTests]
17:40:58.583 [main] DEBUG org.springframework.test.annotation.ProfileValueUtils - Retrieved @ProfileValueSourceConfiguration [null] for test class [nlp.floschne.thumbnailAnnotator.db.repository.DepictionRepositoryTests]
17:40:58.583 [main] DEBUG org.springframework.test.annotation.ProfileValueUtils - Retrieved ProfileValueSource type [class org.springframework.test.annotation.SystemProfileValueSource] for class [nlp.floschne.thumbnailAnnotator.db.repository.DepictionRepositoryTests]
17:40:58.585 [main] DEBUG org.springframework.test.annotation.ProfileValueUtils - Retrieved @ProfileValueSourceConfiguration [null] for test class [nlp.floschne.thumbnailAnnotator.db.repository.DepictionRepositoryTests]
17:40:58.585 [main] DEBUG org.springframework.test.annotation.ProfileValueUtils - Retrieved ProfileValueSource type [class org.springframework.test.annotation.SystemProfileValueSource] for class [nlp.floschne.thumbnailAnnotator.db.repository.DepictionRepositoryTests]
17:40:58.586 [main] DEBUG org.springframework.test.annotation.ProfileValueUtils - Retrieved @ProfileValueSourceConfiguration [null] for test class [nlp.floschne.thumbnailAnnotator.db.repository.DepictionRepositoryTests]
17:40:58.586 [main] DEBUG org.springframework.test.annotation.ProfileValueUtils - Retrieved ProfileValueSource type [class org.springframework.test.annotation.SystemProfileValueSource] for class [nlp.floschne.thumbnailAnnotator.db.repository.DepictionRepositoryTests]
17:40:58.591 [main] DEBUG org.springframework.test.annotation.ProfileValueUtils - Retrieved @ProfileValueSourceConfiguration [null] for test class [nlp.floschne.thumbnailAnnotator.db.repository.DepictionRepositoryTests]
17:40:58.592 [main] DEBUG org.springframework.test.annotation.ProfileValueUtils - Retrieved ProfileValueSource type [class org.springframework.test.annotation.SystemProfileValueSource] for class [nlp.floschne.thumbnailAnnotator.db.repository.DepictionRepositoryTests]
17:40:58.594 [main] DEBUG org.springframework.test.annotation.ProfileValueUtils - Retrieved @ProfileValueSourceConfiguration [null] for test class [nlp.floschne.thumbnailAnnotator.db.repository.DepictionRepositoryTests]
17:40:58.594 [main] DEBUG org.springframework.test.annotation.ProfileValueUtils - Retrieved ProfileValueSource type [class org.springframework.test.annotation.SystemProfileValueSource] for class [nlp.floschne.thumbnailAnnotator.db.repository.DepictionRepositoryTests]
17:40:58.595 [main] DEBUG org.springframework.test.annotation.ProfileValueUtils - Retrieved @ProfileValueSourceConfiguration [null] for test class [nlp.floschne.thumbnailAnnotator.db.repository.DepictionRepositoryTests]
17:40:58.595 [main] DEBUG org.springframework.test.annotation.ProfileValueUtils - Retrieved ProfileValueSource type [class org.springframework.test.annotation.SystemProfileValueSource] for class [nlp.floschne.thumbnailAnnotator.db.repository.DepictionRepositoryTests]
17:40:58.595 [main] DEBUG org.springframework.test.annotation.ProfileValueUtils - Retrieved @ProfileValueSourceConfiguration [null] for test class [nlp.floschne.thumbnailAnnotator.db.repository.DepictionRepositoryTests]
17:40:58.596 [main] DEBUG org.springframework.test.annotation.ProfileValueUtils - Retrieved ProfileValueSource type [class org.springframework.test.annotation.SystemProfileValueSource] for class [nlp.floschne.thumbnailAnnotator.db.repository.DepictionRepositoryTests]
17:40:58.596 [main] DEBUG org.springframework.test.annotation.ProfileValueUtils - Retrieved @ProfileValueSourceConfiguration [null] for test class [nlp.floschne.thumbnailAnnotator.db.repository.DepictionRepositoryTests]
17:40:58.596 [main] DEBUG org.springframework.test.annotation.ProfileValueUtils - Retrieved ProfileValueSource type [class org.springframework.test.annotation.SystemProfileValueSource] for class [nlp.floschne.thumbnailAnnotator.db.repository.DepictionRepositoryTests]
17:40:58.599 [main] DEBUG org.springframework.test.annotation.ProfileValueUtils - Retrieved @ProfileValueSourceConfiguration [null] for test class [nlp.floschne.thumbnailAnnotator.db.repository.DepictionRepositoryTests]
17:40:58.599 [main] DEBUG org.springframework.test.annotation.ProfileValueUtils - Retrieved ProfileValueSource type [class org.springframework.test.annotation.SystemProfileValueSource] for class [nlp.floschne.thumbnailAnnotator.db.repository.DepictionRepositoryTests]
17:40:58.662 [main] DEBUG io.netty.util.internal.logging.InternalLoggerFactory - Using SLF4J as the default logging framework
17:40:58.665 [main] DEBUG io.lettuce.core.resource.DefaultClientResources - -Dio.netty.eventLoopThreads: 8
17:40:58.698 [main] DEBUG io.netty.util.ResourceLeakDetector - -Dio.netty.leakDetection.level: simple
17:40:58.698 [main] DEBUG io.netty.util.ResourceLeakDetector - -Dio.netty.leakDetection.targetRecords: 4
17:40:58.714 [main] DEBUG io.netty.util.internal.PlatformDependent0 - -Dio.netty.noUnsafe: false
17:40:58.714 [main] DEBUG io.netty.util.internal.PlatformDependent0 - Java version: 8
17:40:58.715 [main] DEBUG io.netty.util.internal.PlatformDependent0 - sun.misc.Unsafe.theUnsafe: available
17:40:58.716 [main] DEBUG io.netty.util.internal.PlatformDependent0 - sun.misc.Unsafe.copyMemory: available
17:40:58.716 [main] DEBUG io.netty.util.internal.PlatformDependent0 - java.nio.Buffer.address: available
17:40:58.717 [main] DEBUG io.netty.util.internal.PlatformDependent0 - direct buffer constructor: available
17:40:58.717 [main] DEBUG io.netty.util.internal.PlatformDependent0 - java.nio.Bits.unaligned: available, true
17:40:58.718 [main] DEBUG io.netty.util.internal.PlatformDependent0 - jdk.internal.misc.Unsafe.allocateUninitializedArray(int): unavailable prior to Java9
17:40:58.718 [main] DEBUG io.netty.util.internal.PlatformDependent0 - java.nio.DirectByteBuffer.<init>(long, int): available
17:40:58.718 [main] DEBUG io.netty.util.internal.PlatformDependent - sun.misc.Unsafe: available
17:40:58.718 [main] DEBUG io.netty.util.internal.PlatformDependent - -Dio.netty.tmpdir: /tmp (java.io.tmpdir)
17:40:58.718 [main] DEBUG io.netty.util.internal.PlatformDependent - -Dio.netty.bitMode: 64 (sun.arch.data.model)
17:40:58.719 [main] DEBUG io.netty.util.internal.PlatformDependent - -Dio.netty.noPreferDirect: false
17:40:58.719 [main] DEBUG io.netty.util.internal.PlatformDependent - -Dio.netty.maxDirectMemory: 3711959040 bytes
17:40:58.719 [main] DEBUG io.netty.util.internal.PlatformDependent - -Dio.netty.uninitializedArrayAllocationThreshold: -1
17:40:58.720 [main] DEBUG io.netty.util.internal.CleanerJava6 - java.nio.ByteBuffer.cleaner(): available
17:40:58.720 [main] DEBUG io.netty.util.ResourceLeakDetectorFactory - Loaded default ResourceLeakDetector: io.netty.util.ResourceLeakDetector@2a7f1f10
17:40:58.727 [main] DEBUG io.netty.util.internal.PlatformDependent - org.jctools-core.MpscChunkedArrayQueue: available
17:40:58.734 [main] DEBUG reactor.util.Loggers$LoggerFactory - Using Slf4j logging framework
17:40:58.749 [main] DEBUG reactor.core.publisher.UnsafeSupport - Starting UnsafeSupport init in Java 1.8
17:40:58.750 [main] DEBUG reactor.core.publisher.UnsafeSupport - Unsafe is available
17:40:58.754 [main] DEBUG io.lettuce.core.resource.DefaultClientResources - LatencyUtils/HdrUtils are not available, metrics are disabled
17:40:58.778 [main] DEBUG io.netty.buffer.PooledByteBufAllocator - -Dio.netty.allocator.numHeapArenas: 16
17:40:58.778 [main] DEBUG io.netty.buffer.PooledByteBufAllocator - -Dio.netty.allocator.numDirectArenas: 16
17:40:58.778 [main] DEBUG io.netty.buffer.PooledByteBufAllocator - -Dio.netty.allocator.pageSize: 8192
17:40:58.778 [main] DEBUG io.netty.buffer.PooledByteBufAllocator - -Dio.netty.allocator.maxOrder: 11
17:40:58.778 [main] DEBUG io.netty.buffer.PooledByteBufAllocator - -Dio.netty.allocator.chunkSize: 16777216
17:40:58.778 [main] DEBUG io.netty.buffer.PooledByteBufAllocator - -Dio.netty.allocator.tinyCacheSize: 512
17:40:58.778 [main] DEBUG io.netty.buffer.PooledByteBufAllocator - -Dio.netty.allocator.smallCacheSize: 256
17:40:58.779 [main] DEBUG io.netty.buffer.PooledByteBufAllocator - -Dio.netty.allocator.normalCacheSize: 64
17:40:58.779 [main] DEBUG io.netty.buffer.PooledByteBufAllocator - -Dio.netty.allocator.maxCachedBufferCapacity: 32768
17:40:58.779 [main] DEBUG io.netty.buffer.PooledByteBufAllocator - -Dio.netty.allocator.cacheTrimInterval: 8192
17:40:58.779 [main] DEBUG io.netty.buffer.PooledByteBufAllocator - -Dio.netty.allocator.useCacheForAllThreads: true
17:40:58.782 [main] DEBUG io.netty.util.internal.InternalThreadLocalMap - -Dio.netty.threadLocalMap.stringBuilder.initialSize: 1024
17:40:58.782 [main] DEBUG io.netty.util.internal.InternalThreadLocalMap - -Dio.netty.threadLocalMap.stringBuilder.maxSize: 4096
17:40:58.795 [main] DEBUG io.lettuce.core.RedisClient - Trying to get a Redis connection for: RedisURI [host='localhost', port=6379]
17:40:58.901 [main] INFO io.lettuce.core.EpollProvider - Starting without optional epoll library
17:40:58.902 [main] INFO io.lettuce.core.KqueueProvider - Starting without optional kqueue library
17:40:58.904 [main] DEBUG io.netty.channel.MultithreadEventLoopGroup - -Dio.netty.eventLoopThreads: 16
17:40:58.909 [main] DEBUG io.netty.channel.nio.NioEventLoop - -Dio.netty.noKeySetOptimization: false
17:40:58.909 [main] DEBUG io.netty.channel.nio.NioEventLoop - -Dio.netty.selectorAutoRebuildThreshold: 512
17:40:58.914 [main] DEBUG io.lettuce.core.resource.DefaultEventLoopGroupProvider - Adding reference to io.netty.channel.nio.NioEventLoopGroup@b4711e2, existing ref count 0
17:40:58.917 [main] DEBUG io.lettuce.core.RedisClient - Resolved SocketAddress localhost:6379 using RedisURI [host='localhost', port=6379]
17:40:58.917 [main] DEBUG io.lettuce.core.RedisClient - Connecting to Redis at localhost:6379
17:40:58.930 [main] DEBUG io.netty.channel.DefaultChannelId - -Dio.netty.processId: 19808 (auto-detected)
17:40:58.933 [main] DEBUG io.netty.util.NetUtil - -Djava.net.preferIPv4Stack: false
17:40:58.933 [main] DEBUG io.netty.util.NetUtil - -Djava.net.preferIPv6Addresses: false
17:40:58.935 [main] DEBUG io.netty.util.NetUtil - Loopback interface: lo (lo, 0:0:0:0:0:0:0:1%lo)
17:40:58.936 [main] DEBUG io.netty.util.NetUtil - /proc/sys/net/core/somaxconn: 128
17:40:58.937 [main] DEBUG io.netty.channel.DefaultChannelId - -Dio.netty.machineId: 02:42:99:ff:fe:d7:ec:dc (auto-detected)
17:40:58.955 [main] DEBUG io.netty.buffer.ByteBufUtil - -Dio.netty.allocator.type: pooled
17:40:58.955 [main] DEBUG io.netty.buffer.ByteBufUtil - -Dio.netty.threadLocalDirectBufferSize: 0
17:40:58.955 [main] DEBUG io.netty.buffer.ByteBufUtil - -Dio.netty.maxThreadLocalCharBufferSize: 16384
17:40:58.975 [lettuce-nioEventLoop-4-1] DEBUG io.netty.util.Recycler - -Dio.netty.recycler.maxCapacityPerThread: 4096
17:40:58.975 [lettuce-nioEventLoop-4-1] DEBUG io.netty.util.Recycler - -Dio.netty.recycler.maxSharedCapacityFactor: 2
17:40:58.975 [lettuce-nioEventLoop-4-1] DEBUG io.netty.util.Recycler - -Dio.netty.recycler.linkCapacity: 16
17:40:58.975 [lettuce-nioEventLoop-4-1] DEBUG io.netty.util.Recycler - -Dio.netty.recycler.ratio: 8
17:40:58.982 [lettuce-nioEventLoop-4-1] DEBUG io.netty.buffer.AbstractByteBuf - -Dio.netty.buffer.bytebuf.checkAccessible: true
17:40:58.982 [lettuce-nioEventLoop-4-1] DEBUG io.netty.util.ResourceLeakDetectorFactory - Loaded default ResourceLeakDetector: io.netty.util.ResourceLeakDetector@2c6d7d
17:40:59.001 [lettuce-nioEventLoop-4-1] DEBUG io.lettuce.core.protocol.CommandHandler - [channel=0x1cc3f311, [id: 0x01f8d281] (inactive), chid=0x1] channelRegistered()
17:40:59.006 [lettuce-nioEventLoop-4-1] DEBUG io.lettuce.core.protocol.CommandHandler - [channel=0x1cc3f311, /127.0.0.1:54686 -> localhost/127.0.0.1:6379, chid=0x1] channelActive()
17:40:59.007 [lettuce-nioEventLoop-4-1] DEBUG io.lettuce.core.protocol.DefaultEndpoint - [channel=0x1cc3f311, /127.0.0.1:54686 -> localhost/127.0.0.1:6379, epid=0x1] activateEndpointAndExecuteBufferedCommands 0 command(s) buffered
17:40:59.007 [lettuce-nioEventLoop-4-1] DEBUG io.lettuce.core.protocol.DefaultEndpoint - [channel=0x1cc3f311, /127.0.0.1:54686 -> localhost/127.0.0.1:6379, epid=0x1] activating endpoint
17:40:59.008 [lettuce-nioEventLoop-4-1] DEBUG io.lettuce.core.protocol.DefaultEndpoint - [channel=0x1cc3f311, /127.0.0.1:54686 -> localhost/127.0.0.1:6379, epid=0x1] flushCommands()
17:40:59.008 [lettuce-nioEventLoop-4-1] DEBUG io.lettuce.core.protocol.DefaultEndpoint - [channel=0x1cc3f311, /127.0.0.1:54686 -> localhost/127.0.0.1:6379, epid=0x1] flushCommands() Flushing 0 commands
17:40:59.008 [lettuce-nioEventLoop-4-1] DEBUG io.lettuce.core.protocol.ConnectionWatchdog - [channel=0x1cc3f311, /127.0.0.1:54686 -> localhost/127.0.0.1:6379, last known addr=localhost/127.0.0.1:6379] channelActive()
17:40:59.009 [lettuce-nioEventLoop-4-1] DEBUG io.lettuce.core.protocol.ConnectionWatchdog - [channel=0x1cc3f311, /127.0.0.1:54686 -> localhost/127.0.0.1:6379, last known addr=localhost/127.0.0.1:6379] channelActive()
17:40:59.009 [lettuce-nioEventLoop-4-1] DEBUG io.lettuce.core.protocol.CommandHandler - [channel=0x1cc3f311, /127.0.0.1:54686 -> localhost/127.0.0.1:6379, chid=0x1] channelActive() done
17:40:59.010 [lettuce-nioEventLoop-4-1] DEBUG io.lettuce.core.RedisClient - Connecting to Redis at localhost:6379: Success
17:40:59.013 [lettuce-nioEventLoop-4-1] DEBUG io.lettuce.core.protocol.ConnectionWatchdog - [channel=0x1cc3f311, /127.0.0.1:54686 -> localhost/127.0.0.1:6379, last known addr=localhost/127.0.0.1:6379] userEventTriggered(ctx, io.lettuce.core.ConnectionEvents$Activated@3d314c2f)
17:40:59.013 [lettuce-nioEventLoop-4-1] DEBUG io.lettuce.core.protocol.ConnectionWatchdog - [channel=0x1cc3f311, /127.0.0.1:54686 -> localhost/127.0.0.1:6379, last known addr=localhost/127.0.0.1:6379] userEventTriggered(ctx, io.lettuce.core.ConnectionEvents$Activated@3d314c2f)
17:40:59.015 [main] DEBUG io.lettuce.core.RedisChannelHandler - dispatching command AsyncCommand [type=INFO, output=StatusOutput [output=null, error='null'], commandType=io.lettuce.core.protocol.Command]
17:40:59.016 [main] DEBUG io.lettuce.core.protocol.DefaultEndpoint - [channel=0x1cc3f311, /127.0.0.1:54686 -> localhost/127.0.0.1:6379, epid=0x1] write() writeAndFlush command AsyncCommand [type=INFO, output=StatusOutput [output=null, error='null'], commandType=io.lettuce.core.protocol.Command]
17:40:59.017 [lettuce-nioEventLoop-4-1] DEBUG io.lettuce.core.protocol.CommandHandler - [channel=0x1cc3f311, /127.0.0.1:54686 -> localhost/127.0.0.1:6379, chid=0x1] write(ctx, AsyncCommand [type=INFO, output=StatusOutput [output=null, error='null'], commandType=io.lettuce.core.protocol.Command], promise)
17:40:59.018 [main] DEBUG io.lettuce.core.protocol.DefaultEndpoint - [channel=0x1cc3f311, /127.0.0.1:54686 -> localhost/127.0.0.1:6379, epid=0x1] write() done
17:40:59.020 [lettuce-nioEventLoop-4-1] DEBUG io.lettuce.core.protocol.CommandEncoder - [channel=0x1cc3f311, /127.0.0.1:54686 -> localhost/127.0.0.1:6379] writing command AsyncCommand [type=INFO, output=StatusOutput [output=null, error='null'], commandType=io.lettuce.core.protocol.Command]
17:40:59.027 [lettuce-nioEventLoop-4-1] DEBUG io.lettuce.core.protocol.CommandHandler - [channel=0x1cc3f311, /127.0.0.1:54686 -> localhost/127.0.0.1:6379, chid=0x1] Received: 480 bytes, 1 commands in the stack
17:40:59.028 [lettuce-nioEventLoop-4-1] DEBUG io.lettuce.core.protocol.CommandHandler - [channel=0x1cc3f311, /127.0.0.1:54686 -> localhost/127.0.0.1:6379, chid=0x1] Stack contains: 1 commands
17:40:59.028 [lettuce-nioEventLoop-4-1] DEBUG io.lettuce.core.protocol.RedisStateMachine - Decode AsyncCommand [type=INFO, output=StatusOutput [output=null, error='null'], commandType=io.lettuce.core.protocol.Command]
17:40:59.030 [lettuce-nioEventLoop-4-1] DEBUG io.lettuce.core.protocol.RedisStateMachine - Decoded AsyncCommand [type=INFO, output=StatusOutput [output=# Server
redis_version:4.0.9
redis_git_sha1:00000000
redis_git_dirty:0
redis_build_id:1bc80a08306a3efd
redis_mode:standalone
os:Linux 4.15.0-29-generic x86_64
arch_bits:64
multiplexing_api:epoll
atomicvar_api:atomic-builtin
gcc_version:7.3.0
process_id:1456
run_id:8d85bafaad44d05437736a73ed755fe92bece7a8
tcp_port:6379
uptime_in_seconds:63888
uptime_in_days:0
hz:10
lru_clock:6843402
executable:/usr/bin/redis-server
config_file:/etc/redis/redis.conf
, error='null'], commandType=io.lettuce.core.protocol.Command], empty stack: true
17:40:59.037 [main] DEBUG io.lettuce.core.RedisChannelHandler - close()
17:40:59.037 [main] DEBUG io.lettuce.core.protocol.DefaultEndpoint - [channel=0x1cc3f311, /127.0.0.1:54686 -> localhost/127.0.0.1:6379, epid=0x1] close()
17:40:59.040 [lettuce-nioEventLoop-4-1] DEBUG io.lettuce.core.protocol.CommandHandler - [channel=0x1cc3f311, /127.0.0.1:54686 -> localhost/127.0.0.1:6379, chid=0x1] channelInactive()
17:40:59.040 [lettuce-nioEventLoop-4-1] DEBUG io.lettuce.core.protocol.DefaultEndpoint - [channel=0x1cc3f311, /127.0.0.1:54686 -> localhost/127.0.0.1:6379, epid=0x1] deactivating endpoint handler
17:40:59.040 [lettuce-nioEventLoop-4-1] DEBUG io.lettuce.core.protocol.CommandHandler - [channel=0x1cc3f311, /127.0.0.1:54686 -> localhost/127.0.0.1:6379, chid=0x1] channelInactive() done
17:40:59.040 [lettuce-nioEventLoop-4-1] DEBUG io.lettuce.core.protocol.ConnectionWatchdog - [channel=0x1cc3f311, /127.0.0.1:54686 -> localhost/127.0.0.1:6379, last known addr=localhost/127.0.0.1:6379] channelInactive()
17:40:59.040 [lettuce-nioEventLoop-4-1] DEBUG io.lettuce.core.protocol.ConnectionWatchdog - [channel=0x1cc3f311, /127.0.0.1:54686 -> localhost/127.0.0.1:6379, last known addr=localhost/127.0.0.1:6379] Reconnect scheduling disabled
17:40:59.041 [lettuce-nioEventLoop-4-1] DEBUG io.lettuce.core.protocol.ConnectionWatchdog - [channel=0x1cc3f311, /127.0.0.1:54686 -> localhost/127.0.0.1:6379, last known addr=localhost/127.0.0.1:6379] channelInactive()
17:40:59.041 [lettuce-nioEventLoop-4-1] DEBUG io.lettuce.core.protocol.ConnectionWatchdog - [channel=0x1cc3f311, /127.0.0.1:54686 -> localhost/127.0.0.1:6379, last known addr=localhost/127.0.0.1:6379] Reconnect scheduling disabled
17:40:59.041 [lettuce-nioEventLoop-4-1] DEBUG io.lettuce.core.protocol.CommandHandler - [channel=0x1cc3f311, /127.0.0.1:54686 -> localhost/127.0.0.1:6379, chid=0x1] channelUnregistered()
17:40:59.051 [lettuce-nioEventLoop-4-1] DEBUG io.netty.buffer.PoolThreadCache - Freed 3 thread-local buffer(s) from thread: lettuce-nioEventLoop-4-1
17:40:59.056 [main] DEBUG org.springframework.test.context.support.AbstractDirtiesContextTestExecutionListener - Before test class: context [DefaultTestContext@74bada02 testClass = DepictionRepositoryTests, testInstance = [null], testMethod = [null], testException = [null], mergedContextConfiguration = [MergedContextConfiguration@525575 testClass = DepictionRepositoryTests, locations = '{}', classes = '{class nlp.floschne.thumbnailAnnotator.db.RedisConfig, class nlp.floschne.thumbnailAnnotator.db.util.EmbeddedRedisServer, class nlp.floschne.thumbnailAnnotator.db.RedisConfig, class nlp.floschne.thumbnailAnnotator.db.util.EmbeddedRedisServer}', contextInitializerClasses = '[]', activeProfiles = '{}', propertySourceLocations = '{}', propertySourceProperties = '{org.springframework.boot.test.context.SpringBootTestContextBootstrapper=true}', contextCustomizers = set[org.springframework.boot.test.context.filter.ExcludeFilterContextCustomizer@3891771e, org.springframework.boot.test.json.DuplicateJsonObjectContextCustomizerFactory$DuplicateJsonObjectContextCustomizer@396e2f39, org.springframework.boot.test.mock.mockito.MockitoContextCustomizer@0, org.springframework.boot.test.web.client.TestRestTemplateContextCustomizer@149494d8], contextLoader = 'org.springframework.boot.test.context.SpringBootContextLoader', parent = [null]], attributes = map[[empty]]], class annotated with @DirtiesContext [false] with mode [null].
17:40:59.056 [pool-1-thread-2] DEBUG org.springframework.test.annotation.ProfileValueUtils - Retrieved @ProfileValueSourceConfiguration [null] for test class [nlp.floschne.thumbnailAnnotator.db.repository.DepictionRepositoryTests]
17:40:59.056 [pool-1-thread-3] DEBUG org.springframework.test.annotation.ProfileValueUtils - Retrieved @ProfileValueSourceConfiguration [null] for test class [nlp.floschne.thumbnailAnnotator.db.repository.DepictionRepositoryTests]
17:40:59.057 [pool-1-thread-3] DEBUG org.springframework.test.annotation.ProfileValueUtils - Retrieved ProfileValueSource type [class org.springframework.test.annotation.SystemProfileValueSource] for class [nlp.floschne.thumbnailAnnotator.db.repository.DepictionRepositoryTests]
17:40:59.057 [pool-1-thread-2] DEBUG org.springframework.test.annotation.ProfileValueUtils - Retrieved ProfileValueSource type [class org.springframework.test.annotation.SystemProfileValueSource] for class [nlp.floschne.thumbnailAnnotator.db.repository.DepictionRepositoryTests]
17:40:59.059 [pool-1-thread-4] DEBUG org.springframework.test.annotation.ProfileValueUtils - Retrieved @ProfileValueSourceConfiguration [null] for test class [nlp.floschne.thumbnailAnnotator.db.repository.DepictionRepositoryTests]
17:40:59.059 [pool-1-thread-4] DEBUG org.springframework.test.annotation.ProfileValueUtils - Retrieved ProfileValueSource type [class org.springframework.test.annotation.SystemProfileValueSource] for class [nlp.floschne.thumbnailAnnotator.db.repository.DepictionRepositoryTests]
17:40:59.062 [pool-1-thread-3] DEBUG org.springframework.test.context.support.DependencyInjectionTestExecutionListener - Performing dependency injection for test context [[DefaultTestContext@2a89df31 testClass = DepictionRepositoryTests, testInstance = nlp.floschne.thumbnailAnnotator.db.repository.DepictionRepositoryTests@73dc0009, testMethod = [null], testException = [null], mergedContextConfiguration = [MergedContextConfiguration@525575 testClass = DepictionRepositoryTests, locations = '{}', classes = '{class nlp.floschne.thumbnailAnnotator.db.RedisConfig, class nlp.floschne.thumbnailAnnotator.db.util.EmbeddedRedisServer, class nlp.floschne.thumbnailAnnotator.db.RedisConfig, class nlp.floschne.thumbnailAnnotator.db.util.EmbeddedRedisServer}', contextInitializerClasses = '[]', activeProfiles = '{}', propertySourceLocations = '{}', propertySourceProperties = '{org.springframework.boot.test.context.SpringBootTestContextBootstrapper=true}', contextCustomizers = set[org.springframework.boot.test.context.filter.ExcludeFilterContextCustomizer@3891771e, org.springframework.boot.test.json.DuplicateJsonObjectContextCustomizerFactory$DuplicateJsonObjectContextCustomizer@396e2f39, org.springframework.boot.test.mock.mockito.MockitoContextCustomizer@0, org.springframework.boot.test.web.client.TestRestTemplateContextCustomizer@149494d8], contextLoader = 'org.springframework.boot.test.context.SpringBootContextLoader', parent = [null]], attributes = map[[empty]]]].
17:40:59.062 [pool-1-thread-2] DEBUG org.springframework.test.context.support.DependencyInjectionTestExecutionListener - Performing dependency injection for test context [[DefaultTestContext@29012189 testClass = DepictionRepositoryTests, testInstance = nlp.floschne.thumbnailAnnotator.db.repository.DepictionRepositoryTests@2d3eb071, testMethod = [null], testException = [null], mergedContextConfiguration = [MergedContextConfiguration@525575 testClass = DepictionRepositoryTests, locations = '{}', classes = '{class nlp.floschne.thumbnailAnnotator.db.RedisConfig, class nlp.floschne.thumbnailAnnotator.db.util.EmbeddedRedisServer, class nlp.floschne.thumbnailAnnotator.db.RedisConfig, class nlp.floschne.thumbnailAnnotator.db.util.EmbeddedRedisServer}', contextInitializerClasses = '[]', activeProfiles = '{}', propertySourceLocations = '{}', propertySourceProperties = '{org.springframework.boot.test.context.SpringBootTestContextBootstrapper=true}', contextCustomizers = set[org.springframework.boot.test.context.filter.ExcludeFilterContextCustomizer@3891771e, org.springframework.boot.test.json.DuplicateJsonObjectContextCustomizerFactory$DuplicateJsonObjectContextCustomizer@396e2f39, org.springframework.boot.test.mock.mockito.MockitoContextCustomizer@0, org.springframework.boot.test.web.client.TestRestTemplateContextCustomizer@149494d8], contextLoader = 'org.springframework.boot.test.context.SpringBootContextLoader', parent = [null]], attributes = map[[empty]]]].
17:40:59.064 [pool-1-thread-4] DEBUG org.springframework.test.context.support.DependencyInjectionTestExecutionListener - Performing dependency injection for test context [[DefaultTestContext@24e94665 testClass = DepictionRepositoryTests, testInstance = nlp.floschne.thumbnailAnnotator.db.repository.DepictionRepositoryTests@2a2ebc88, testMethod = [null], testException = [null], mergedContextConfiguration = [MergedContextConfiguration@525575 testClass = DepictionRepositoryTests, locations = '{}', classes = '{class nlp.floschne.thumbnailAnnotator.db.RedisConfig, class nlp.floschne.thumbnailAnnotator.db.util.EmbeddedRedisServer, class nlp.floschne.thumbnailAnnotator.db.RedisConfig, class nlp.floschne.thumbnailAnnotator.db.util.EmbeddedRedisServer}', contextInitializerClasses = '[]', activeProfiles = '{}', propertySourceLocations = '{}', propertySourceProperties = '{org.springframework.boot.test.context.SpringBootTestContextBootstrapper=true}', contextCustomizers = set[org.springframework.boot.test.context.filter.ExcludeFilterContextCustomizer@3891771e, org.springframework.boot.test.json.DuplicateJsonObjectContextCustomizerFactory$DuplicateJsonObjectContextCustomizer@396e2f39, org.springframework.boot.test.mock.mockito.MockitoContextCustomizer@0, org.springframework.boot.test.web.client.TestRestTemplateContextCustomizer@149494d8], contextLoader = 'org.springframework.boot.test.context.SpringBootContextLoader', parent = [null]], attributes = map[[empty]]]].
17:40:59.091 [pool-1-thread-3] DEBUG org.springframework.core.env.StandardEnvironment - Adding PropertySource 'systemProperties' with lowest search precedence
17:40:59.091 [pool-1-thread-3] DEBUG org.springframework.core.env.StandardEnvironment - Adding PropertySource 'systemEnvironment' with lowest search precedence
17:40:59.092 [pool-1-thread-3] DEBUG org.springframework.core.env.StandardEnvironment - Initialized StandardEnvironment with PropertySources [MapPropertySource@786504773 {name='systemProperties', properties={java.runtime.name=Java(TM) SE Runtime Environment, sun.boot.library.path=/usr/lib/jvm/java-8-oracle/jre/lib/amd64, java.vm.version=25.181-b13, java.vm.vendor=Oracle Corporation, java.vendor.url=http://java.oracle.com/, path.separator=:, java.vm.name=Java HotSpot(TM) 64-Bit Server VM, file.encoding.pkg=sun.io, user.country=US, sun.java.launcher=SUN_STANDARD, sun.os.patch.level=unknown, java.vm.specification.name=Java Virtual Machine Specification, user.dir=/home/p0w3r/gitrepos/NLP_ThumbnailAnnotator/thumbnailAnnotator.parent/thumbnailAnnotator.db, java.runtime.version=1.8.0_181-b13, basedir=/home/p0w3r/gitrepos/NLP_ThumbnailAnnotator/thumbnailAnnotator.parent/thumbnailAnnotator.db, java.awt.graphicsenv=sun.awt.X11GraphicsEnvironment, java.endorsed.dirs=/usr/lib/jvm/java-8-oracle/jre/lib/endorsed, os.arch=amd64, surefire.real.class.path=/home/p0w3r/gitrepos/NLP_ThumbnailAnnotator/thumbnailAnnotator.parent/thumbnailAnnotator.db/target/surefire/surefirebooter2401109879528045088.jar, java.io.tmpdir=/tmp, line.separator=
, java.vm.specification.vendor=Oracle Corporation, os.name=Linux, sun.jnu.encoding=UTF-8, java.library.path=/usr/java/packages/lib/amd64:/usr/lib64:/lib64:/lib:/usr/lib, sun.nio.ch.bugLevel=, surefire.test.class.path=/home/p0w3r/gitrepos/NLP_ThumbnailAnnotator/thumbnailAnnotator.parent/thumbnailAnnotator.db/target/test-classes:/home/p0w3r/gitrepos/NLP_ThumbnailAnnotator/thumbnailAnnotator.parent/thumbnailAnnotator.db/target/classes:/home/p0w3r/.m2/repository/org/springframework/boot/spring-boot-starter-data-redis/2.0.2.RELEASE/spring-boot-starter-data-redis-2.0.2.RELEASE.jar:/home/p0w3r/.m2/repository/org/springframework/boot/spring-boot-starter/2.0.2.RELEASE/spring-boot-starter-2.0.2.RELEASE.jar:/home/p0w3r/.m2/repository/org/springframework/boot/spring-boot-autoconfigure/2.0.2.RELEASE/spring-boot-autoconfigure-2.0.2.RELEASE.jar:/home/p0w3r/.m2/repository/org/springframework/boot/spring-boot-starter-logging/2.0.2.RELEASE/spring-boot-starter-logging-2.0.2.RELEASE.jar:/home/p0w3r/.m2/repository/ch/qos/logback/logback-classic/1.2.3/logback-classic-1.2.3.jar:/home/p0w3r/.m2/repository/ch/qos/logback/logback-core/1.2.3/logback-core-1.2.3.jar:/home/p0w3r/.m2/repository/org/apache/logging/log4j/log4j-to-slf4j/2.10.0/log4j-to-slf4j-2.10.0.jar:/home/p0w3r/.m2/repository/org/apache/logging/log4j/log4j-api/2.10.0/log4j-api-2.10.0.jar:/home/p0w3r/.m2/repository/org/slf4j/jul-to-slf4j/1.7.25/jul-to-slf4j-1.7.25.jar:/home/p0w3r/.m2/repository/javax/annotation/javax.annotation-api/1.3.2/javax.annotation-api-1.3.2.jar:/home/p0w3r/.m2/repository/org/yaml/snakeyaml/1.19/snakeyaml-1.19.jar:/home/p0w3r/.m2/repository/org/springframework/data/spring-data-redis/2.0.7.RELEASE/spring-data-redis-2.0.7.RELEASE.jar:/home/p0w3r/.m2/repository/org/springframework/data/spring-data-keyvalue/2.0.7.RELEASE/spring-data-keyvalue-2.0.7.RELEASE.jar:/home/p0w3r/.m2/repository/org/springframework/data/spring-data-commons/2.0.7.RELEASE/spring-data-commons-2.0.7.RELEASE.jar:/home/p0w3r/.m2/repository/org/springframework/spring-tx/5.0.6.RELEASE/spring-tx-5.0.6.RELEASE.jar:/home/p0w3r/.m2/repository/org/springframework/spring-beans/5.0.6.RELEASE/spring-beans-5.0.6.RELEASE.jar:/home/p0w3r/.m2/repository/org/springframework/spring-oxm/5.0.6.RELEASE/spring-oxm-5.0.6.RELEASE.jar:/home/p0w3r/.m2/repository/org/springframework/spring-aop/5.0.6.RELEASE/spring-aop-5.0.6.RELEASE.jar:/home/p0w3r/.m2/repository/org/springframework/spring-context-support/5.0.6.RELEASE/spring-context-support-5.0.6.RELEASE.jar:/home/p0w3r/.m2/repository/org/slf4j/slf4j-api/1.7.25/slf4j-api-1.7.25.jar:/home/p0w3r/.m2/repository/io/lettuce/lettuce-core/5.0.4.RELEASE/lettuce-core-5.0.4.RELEASE.jar:/home/p0w3r/.m2/repository/io/projectreactor/reactor-core/3.1.7.RELEASE/reactor-core-3.1.7.RELEASE.jar:/home/p0w3r/.m2/repository/org/reactivestreams/reactive-streams/1.0.2/reactive-streams-1.0.2.jar:/home/p0w3r/.m2/repository/io/netty/netty-common/4.1.24.Final/netty-common-4.1.24.Final.jar:/home/p0w3r/.m2/repository/io/netty/netty-transport/4.1.24.Final/netty-transport-4.1.24.Final.jar:/home/p0w3r/.m2/repository/io/netty/netty-buffer/4.1.24.Final/netty-buffer-4.1.24.Final.jar:/home/p0w3r/.m2/repository/io/netty/netty-resolver/4.1.24.Final/netty-resolver-4.1.24.Final.jar:/home/p0w3r/.m2/repository/io/netty/netty-handler/4.1.24.Final/netty-handler-4.1.24.Final.jar:/home/p0w3r/.m2/repository/io/netty/netty-codec/4.1.24.Final/netty-codec-4.1.24.Final.jar:/home/p0w3r/.m2/repository/com/github/kstyrc/embedded-redis/0.6/embedded-redis-0.6.jar:/home/p0w3r/.m2/repository/com/google/guava/guava/18.0/guava-18.0.jar:/home/p0w3r/.m2/repository/commons-io/commons-io/2.4/commons-io-2.4.jar:/home/p0w3r/.m2/repository/org/springframework/boot/spring-boot-test/2.0.2.RELEASE/spring-boot-test-2.0.2.RELEASE.jar:/home/p0w3r/.m2/repository/org/springframework/boot/spring-boot/2.0.2.RELEASE/spring-boot-2.0.2.RELEASE.jar:/home/p0w3r/.m2/repository/org/springframework/spring-context/5.0.6.RELEASE/spring-context-5.0.6.RELEASE.jar:/home/p0w3r/.m2/repository/org/springframework/spring-expression/5.0.6.RELEASE/spring-expression-5.0.6.RELEASE.jar:/home/p0w3r/.m2/repository/junit/junit/4.12/junit-4.12.jar:/home/p0w3r/.m2/repository/org/hamcrest/hamcrest-core/1.3/hamcrest-core-1.3.jar:/home/p0w3r/.m2/repository/org/springframework/spring-test/5.0.6.RELEASE/spring-test-5.0.6.RELEASE.jar:/home/p0w3r/.m2/repository/org/springframework/spring-core/5.0.6.RELEASE/spring-core-5.0.6.RELEASE.jar:/home/p0w3r/.m2/repository/org/springframework/spring-jcl/5.0.6.RELEASE/spring-jcl-5.0.6.RELEASE.jar:/home/p0w3r/.m2/repository/org/projectlombok/lombok/1.18.0/lombok-1.18.0.jar:/home/p0w3r/.m2/repository/org/apache/commons/commons-lang3/3.1/commons-lang3-3.1.jar:, java.specification.name=Java Platform API Specification, java.class.version=52.0, sun.management.compiler=HotSpot 64-Bit Tiered Compilers, os.version=4.15.0-29-generic, user.home=/home/p0w3r, user.timezone=Europe/Berlin, java.awt.printerjob=sun.print.PSPrinterJob, file.encoding=UTF-8, java.specification.version=1.8, java.class.path=/home/p0w3r/gitrepos/NLP_ThumbnailAnnotator/thumbnailAnnotator.parent/thumbnailAnnotator.db/target/test-classes:/home/p0w3r/gitrepos/NLP_ThumbnailAnnotator/thumbnailAnnotator.parent/thumbnailAnnotator.db/target/classes:/home/p0w3r/.m2/repository/org/springframework/boot/spring-boot-starter-data-redis/2.0.2.RELEASE/spring-boot-starter-data-redis-2.0.2.RELEASE.jar:/home/p0w3r/.m2/repository/org/springframework/boot/spring-boot-starter/2.0.2.RELEASE/spring-boot-starter-2.0.2.RELEASE.jar:/home/p0w3r/.m2/repository/org/springframework/boot/spring-boot-autoconfigure/2.0.2.RELEASE/spring-boot-autoconfigure-2.0.2.RELEASE.jar:/home/p0w3r/.m2/repository/org/springframework/boot/spring-boot-starter-logging/2.0.2.RELEASE/spring-boot-starter-logging-2.0.2.RELEASE.jar:/home/p0w3r/.m2/repository/ch/qos/logback/logback-classic/1.2.3/logback-classic-1.2.3.jar:/home/p0w3r/.m2/repository/ch/qos/logback/logback-core/1.2.3/logback-core-1.2.3.jar:/home/p0w3r/.m2/repository/org/apache/logging/log4j/log4j-to-slf4j/2.10.0/log4j-to-slf4j-2.10.0.jar:/home/p0w3r/.m2/repository/org/apache/logging/log4j/log4j-api/2.10.0/log4j-api-2.10.0.jar:/home/p0w3r/.m2/repository/org/slf4j/jul-to-slf4j/1.7.25/jul-to-slf4j-1.7.25.jar:/home/p0w3r/.m2/repository/javax/annotation/javax.annotation-api/1.3.2/javax.annotation-api-1.3.2.jar:/home/p0w3r/.m2/repository/org/yaml/snakeyaml/1.19/snakeyaml-1.19.jar:/home/p0w3r/.m2/repository/org/springframework/data/spring-data-redis/2.0.7.RELEASE/spring-data-redis-2.0.7.RELEASE.jar:/home/p0w3r/.m2/repository/org/springframework/data/spring-data-keyvalue/2.0.7.RELEASE/spring-data-keyvalue-2.0.7.RELEASE.jar:/home/p0w3r/.m2/repository/org/springframework/data/spring-data-commons/2.0.7.RELEASE/spring-data-commons-2.0.7.RELEASE.jar:/home/p0w3r/.m2/repository/org/springframework/spring-tx/5.0.6.RELEASE/spring-tx-5.0.6.RELEASE.jar:/home/p0w3r/.m2/repository/org/springframework/spring-beans/5.0.6.RELEASE/spring-beans-5.0.6.RELEASE.jar:/home/p0w3r/.m2/repository/org/springframework/spring-oxm/5.0.6.RELEASE/spring-oxm-5.0.6.RELEASE.jar:/home/p0w3r/.m2/repository/org/springframework/spring-aop/5.0.6.RELEASE/spring-aop-5.0.6.RELEASE.jar:/home/p0w3r/.m2/repository/org/springframework/spring-context-support/5.0.6.RELEASE/spring-context-support-5.0.6.RELEASE.jar:/home/p0w3r/.m2/repository/org/slf4j/slf4j-api/1.7.25/slf4j-api-1.7.25.jar:/home/p0w3r/.m2/repository/io/lettuce/lettuce-core/5.0.4.RELEASE/lettuce-core-5.0.4.RELEASE.jar:/home/p0w3r/.m2/repository/io/projectreactor/reactor-core/3.1.7.RELEASE/reactor-core-3.1.7.RELEASE.jar:/home/p0w3r/.m2/repository/org/reactivestreams/reactive-streams/1.0.2/reactive-streams-1.0.2.jar:/home/p0w3r/.m2/repository/io/netty/netty-common/4.1.24.Final/netty-common-4.1.24.Final.jar:/home/p0w3r/.m2/repository/io/netty/netty-transport/4.1.24.Final/netty-transport-4.1.24.Final.jar:/home/p0w3r/.m2/repository/io/netty/netty-buffer/4.1.24.Final/netty-buffer-4.1.24.Final.jar:/home/p0w3r/.m2/repository/io/netty/netty-resolver/4.1.24.Final/netty-resolver-4.1.24.Final.jar:/home/p0w3r/.m2/repository/io/netty/netty-handler/4.1.24.Final/netty-handler-4.1.24.Final.jar:/home/p0w3r/.m2/repository/io/netty/netty-codec/4.1.24.Final/netty-codec-4.1.24.Final.jar:/home/p0w3r/.m2/repository/com/github/kstyrc/embedded-redis/0.6/embedded-redis-0.6.jar:/home/p0w3r/.m2/repository/com/google/guava/guava/18.0/guava-18.0.jar:/home/p0w3r/.m2/repository/commons-io/commons-io/2.4/commons-io-2.4.jar:/home/p0w3r/.m2/repository/org/springframework/boot/spring-boot-test/2.0.2.RELEASE/spring-boot-test-2.0.2.RELEASE.jar:/home/p0w3r/.m2/repository/org/springframework/boot/spring-boot/2.0.2.RELEASE/spring-boot-2.0.2.RELEASE.jar:/home/p0w3r/.m2/repository/org/springframework/spring-context/5.0.6.RELEASE/spring-context-5.0.6.RELEASE.jar:/home/p0w3r/.m2/repository/org/springframework/spring-expression/5.0.6.RELEASE/spring-expression-5.0.6.RELEASE.jar:/home/p0w3r/.m2/repository/junit/junit/4.12/junit-4.12.jar:/home/p0w3r/.m2/repository/org/hamcrest/hamcrest-core/1.3/hamcrest-core-1.3.jar:/home/p0w3r/.m2/repository/org/springframework/spring-test/5.0.6.RELEASE/spring-test-5.0.6.RELEASE.jar:/home/p0w3r/.m2/repository/org/springframework/spring-core/5.0.6.RELEASE/spring-core-5.0.6.RELEASE.jar:/home/p0w3r/.m2/repository/org/springframework/spring-jcl/5.0.6.RELEASE/spring-jcl-5.0.6.RELEASE.jar:/home/p0w3r/.m2/repository/org/projectlombok/lombok/1.18.0/lombok-1.18.0.jar:/home/p0w3r/.m2/repository/org/apache/commons/commons-lang3/3.1/commons-lang3-3.1.jar:, user.name=p0w3r, java.vm.specification.version=1.8, sun.java.command=/home/p0w3r/gitrepos/NLP_ThumbnailAnnotator/thumbnailAnnotator.parent/thumbnailAnnotator.db/target/surefire/surefirebooter2401109879528045088.jar /home/p0w3r/gitrepos/NLP_ThumbnailAnnotator/thumbnailAnnotator.parent/thumbnailAnnotator.db/target/surefire 2018-08-06T17-40-40_162-jvmRun1 surefire6969807795103371235tmp surefire_15509207327362982081tmp, java.home=/usr/lib/jvm/java-8-oracle/jre, sun.arch.data.model=64, user.language=en, java.specification.vendor=Oracle Corporation, awt.toolkit=sun.awt.X11.XToolkit, java.vm.info=mixed mode, java.version=1.8.0_181, java.ext.dirs=/usr/lib/jvm/java-8-oracle/jre/lib/ext:/usr/java/packages/lib/ext, sun.boot.class.path=/usr/lib/jvm/java-8-oracle/jre/lib/resources.jar:/usr/lib/jvm/java-8-oracle/jre/lib/rt.jar:/usr/lib/jvm/java-8-oracle/jre/lib/sunrsasign.jar:/usr/lib/jvm/java-8-oracle/jre/lib/jsse.jar:/usr/lib/jvm/java-8-oracle/jre/lib/jce.jar:/usr/lib/jvm/java-8-oracle/jre/lib/charsets.jar:/usr/lib/jvm/java-8-oracle/jre/lib/jfr.jar:/usr/lib/jvm/java-8-oracle/jre/classes, java.vendor=Oracle Corporation, localRepository=/home/p0w3r/.m2/repository, file.separator=/, java.vendor.url.bug=http://bugreport.sun.com/bugreport/, sun.io.unicode.encoding=UnicodeLittle, sun.cpu.endian=little, sun.desktop=gnome, sun.cpu.isalist=}}, SystemEnvironmentPropertySource@1801583050 {name='systemEnvironment', properties={PATH=/home/p0w3r/.cargo/bin:/home/p0w3r/bin/miniconda3/bin:/home/p0w3r/.cargo/bin:/home/p0w3r/.cargo/bin:/home/p0w3r/bin/miniconda3/bin:/home/p0w3r/.cargo/bin:/home/p0w3r/.local/bin:/home/p0w3r/bin:/usr/local/sbin:/usr/local/bin:/usr/sbin:/usr/bin:/sbin:/bin:/usr/games:/usr/local/games:/snap/bin:/usr/lib/jvm/java-8-oracle/bin:/usr/lib/jvm/java-8-oracle/db/bin:/usr/lib/jvm/java-8-oracle/jre/bin:/home/p0w3r/.fzf/bin, LC_MEASUREMENT=de_DE.UTF-8, XAUTHORITY=/run/user/1000/gdm/Xauthority, XMODIFIERS=@im=ibus, LC_TELEPHONE=de_DE.UTF-8, XDG_DATA_DIRS=/usr/share/ubuntu:/usr/local/share:/usr/share:/var/lib/snapd/desktop, GDMSESSION=ubuntu, MANDATORY_PATH=/usr/share/gconf/ubuntu.mandatory.path, LC_TIME=de_DE.UTF-8, TEXTDOMAINDIR=/usr/share/locale/, GTK_IM_MODULE=ibus, DBUS_SESSION_BUS_ADDRESS=unix:path=/run/user/1000/bus, DEFAULTS_PATH=/usr/share/gconf/ubuntu.default.path, XDG_CURRENT_DESKTOP=ubuntu:GNOME, SSH_AGENT_PID=4129, DESKTOP_AUTOSTART_ID=10496c735f8646798153355785938974600000040350007, COLORTERM=truecolor, QT4_IM_MODULE=xim, LC_PAPER=de_DE.UTF-8, SESSION_MANAGER=local/p0w3r-cb0xx:@/tmp/.ICE-unix/4035,unix/p0w3r-cb0xx:/tmp/.ICE-unix/4035, USERNAME=p0w3r, LOGNAME=p0w3r, PWD=/home/p0w3r/gitrepos/NLP_ThumbnailAnnotator/thumbnailAnnotator.parent/thumbnailAnnotator.db, DERBY_HOME=/usr/lib/jvm/java-8-oracle/db, IM_CONFIG_PHASE=2, SHELL=/usr/bin/zsh, LC_ADDRESS=de_DE.UTF-8, PAGER=less, J2SDKDIR=/usr/lib/jvm/java-8-oracle, OLDPWD=/home/p0w3r/gitrepos/NLP_ThumbnailAnnotator/thumbnailAnnotator.parent/thumbnailAnnotator.db, ZSH=/home/p0w3r/.oh-my-zsh, GNOME_DESKTOP_SESSION_ID=this-is-deprecated, GNOME_TERMINAL_SCREEN=/org/gnome/Terminal/screen/3e71f077_0d67_430b_8915_784672f51b1f, GTK_MODULES=gail:atk-bridge, J2REDIR=/usr/lib/jvm/java-8-oracle/jre, CLUTTER_IM_MODULE=xim, TEXTDOMAIN=im-config, LESS=-R, LC_CTYPE=en_US.UTF-8, LS_COLORS=rs=0:di=01;34:ln=01;36:mh=00:pi=40;33:so=01;35:do=01;35:bd=40;33;01:cd=40;33;01:or=40;31;01:mi=00:su=37;41:sg=30;43:ca=30;41:tw=30;42:ow=34;42:st=37;44:ex=01;32:*.tar=01;31:*.tgz=01;31:*.arc=01;31:*.arj=01;31:*.taz=01;31:*.lha=01;31:*.lz4=01;31:*.lzh=01;31:*.lzma=01;31:*.tlz=01;31:*.txz=01;31:*.tzo=01;31:*.t7z=01;31:*.zip=01;31:*.z=01;31:*.Z=01;31:*.dz=01;31:*.gz=01;31:*.lrz=01;31:*.lz=01;31:*.lzo=01;31:*.xz=01;31:*.zst=01;31:*.tzst=01;31:*.bz2=01;31:*.bz=01;31:*.tbz=01;31:*.tbz2=01;31:*.tz=01;31:*.deb=01;31:*.rpm=01;31:*.jar=01;31:*.war=01;31:*.ear=01;31:*.sar=01;31:*.rar=01;31:*.alz=01;31:*.ace=01;31:*.zoo=01;31:*.cpio=01;31:*.7z=01;31:*.rz=01;31:*.cab=01;31:*.wim=01;31:*.swm=01;31:*.dwm=01;31:*.esd=01;31:*.jpg=01;35:*.jpeg=01;35:*.mjpg=01;35:*.mjpeg=01;35:*.gif=01;35:*.bmp=01;35:*.pbm=01;35:*.pgm=01;35:*.ppm=01;35:*.tga=01;35:*.xbm=01;35:*.xpm=01;35:*.tif=01;35:*.tiff=01;35:*.png=01;35:*.svg=01;35:*.svgz=01;35:*.mng=01;35:*.pcx=01;35:*.mov=01;35:*.mpg=01;35:*.mpeg=01;35:*.m2v=01;35:*.mkv=01;35:*.webm=01;35:*.ogm=01;35:*.mp4=01;35:*.m4v=01;35:*.mp4v=01;35:*.vob=01;35:*.qt=01;35:*.nuv=01;35:*.wmv=01;35:*.asf=01;35:*.rm=01;35:*.rmvb=01;35:*.flc=01;35:*.avi=01;35:*.fli=01;35:*.flv=01;35:*.gl=01;35:*.dl=01;35:*.xcf=01;35:*.xwd=01;35:*.yuv=01;35:*.cgm=01;35:*.emf=01;35:*.ogv=01;35:*.ogx=01;35:*.aac=00;36:*.au=00;36:*.flac=00;36:*.m4a=00;36:*.mid=00;36:*.midi=00;36:*.mka=00;36:*.mp3=00;36:*.mpc=00;36:*.ogg=00;36:*.ra=00;36:*.wav=00;36:*.oga=00;36:*.opus=00;36:*.spx=00;36:*.xspf=00;36:, XDG_SESSION_DESKTOP=ubuntu, SHLVL=2, LC_IDENTIFICATION=de_DE.UTF-8, TMUX_PANE=%0, LC_MONETARY=de_DE.UTF-8, QT_IM_MODULE=ibus, JAVA_HOME=/usr/lib/jvm/java-8-oracle, TERM=screen-256color, XDG_CONFIG_DIRS=/etc/xdg/xdg-ubuntu:/etc/xdg, GNOME_TERMINAL_SERVICE=:1.91, LANG=en_US.UTF-8, XDG_SESSION_ID=3, XDG_SESSION_TYPE=x11, DISPLAY=:1, LC_NAME=de_DE.UTF-8, MAVEN_CMD_LINE_ARGS= clean verify, _=/usr/bin/mvn, LSCOLORS=Gxfxcxdxbxegedabagacad, GPG_AGENT_INFO=/run/user/1000/gnupg/S.gpg-agent:0:1, MAVEN_PROJECTBASEDIR=/home/p0w3r/Studium/2sem/project/repo/thumbnailAnnotator.parent, DESKTOP_SESSION=ubuntu, USER=p0w3r, XDG_MENU_PREFIX=gnome-, VTE_VERSION=5202, QT_ACCESSIBILITY=1, WINDOWPATH=2, LC_NUMERIC=de_DE.UTF-8, SSH_AUTH_SOCK=/run/user/1000/keyring/ssh, XDG_SEAT=seat0, TMUX_PLUGIN_MANAGER_PATH=/home/p0w3r/.tmux/plugins/, GNOME_SHELL_SESSION_MODE=ubuntu, TMUX=/tmp/tmux-1000/default,5842,0, XDG_VTNR=2, XDG_RUNTIME_DIR=/run/user/1000, HOME=/home/p0w3r}}]
17:40:59.095 [pool-1-thread-3] DEBUG org.springframework.test.context.support.TestPropertySourceUtils - Adding inlined properties to environment: {spring.jmx.enabled=false, org.springframework.boot.test.context.SpringBootTestContextBootstrapper=true, server.port=-1}
17:40:59.095 [pool-1-thread-3] DEBUG org.springframework.core.env.StandardEnvironment - Adding PropertySource 'Inlined Test Properties' with highest search precedence

  .   ____          _            __ _ _
 /\\ / ___'_ __ _ _(_)_ __  __ _ \ \ \ \
( ( )\___ | '_ | '_| | '_ \/ _` | \ \ \ \
 \\/  ___)| |_)| | | | | || (_| |  ) ) ) )
  '  |____| .__|_| |_|_| |_\__, | / / / /
 =========|_|==============|___/=/_/_/_/
 :: Spring Boot ::        (v2.0.2.RELEASE)

2018-08-06 17:40:59.360  INFO 19808 --- [pool-1-thread-3] n.f.t.d.r.DepictionRepositoryTests       : Starting DepictionRepositoryTests on p0w3r-cb0xx with PID 19808 (started by p0w3r in /home/p0w3r/gitrepos/NLP_ThumbnailAnnotator/thumbnailAnnotator.parent/thumbnailAnnotator.db)
2018-08-06 17:40:59.361  INFO 19808 --- [pool-1-thread-3] n.f.t.d.r.DepictionRepositoryTests       : No active profile set, falling back to default profiles: default
2018-08-06 17:40:59.382  INFO 19808 --- [pool-1-thread-3] s.c.a.AnnotationConfigApplicationContext : Refreshing org.springframework.context.annotation.AnnotationConfigApplicationContext@3a1967ff: startup date [Mon Aug 06 17:40:59 CEST 2018]; root of context hierarchy
2018-08-06 17:40:59.475  INFO 19808 --- [pool-1-thread-3] .s.d.r.c.RepositoryConfigurationDelegate : Multiple Spring Data modules found, entering strict repository configuration mode!
2018-08-06 17:40:59.989  INFO 19808 --- [pool-1-thread-3] n.f.t.d.r.DepictionRepositoryTests       : Started DepictionRepositoryTests in 0.891 seconds (JVM running for 2.083)
]]></system-out>
  </testcase>
  <testcase name="whenUpdatingDepiction_thenAvailableOnRetrieval" classname="nlp.floschne.thumbnailAnnotator.db.repository.DepictionRepositoryTests" time="0.123"/>
  <testcase name="whenDeletingDepiction_thenNotAvailableOnRetrieval" classname="nlp.floschne.thumbnailAnnotator.db.repository.DepictionRepositoryTests" time="0.125"/>
  <testcase name="whenSavingDepiction_thenAvailableOnRetrieval" classname="nlp.floschne.thumbnailAnnotator.db.repository.DepictionRepositoryTests" time="0.124"/>
</testsuite>